<?xml version="1.0" encoding="UTF-8"?>
<!-- Generated by org.testng.reporters.JUnitXMLReporter -->
<testsuite ignored="0" hostname="APL-5CD0506YW4" failures="1" tests="1" name="Default test" time="23.12" errors="0" timestamp="2022-03-16T13:43:00 IST">
  <testcase classname="io.cucumber.testng.AbstractTestNGCucumberTests" name="runScenario" time="21.633">
    <failure type="junit.framework.ComparisonFailure" message="expected:&amp;lt;No data&amp;gt; but was:&amp;lt;Beetroot&amp;gt;">
      <![CDATA[junit.framework.ComparisonFailure: expected:<No data> but was:<Beetroot>
at junit.framework.Assert.assertEquals(Assert.java:81)
at junit.framework.Assert.assertEquals(Assert.java:87)
at stepDefinitions.OfferPageStepDefinition.validate_product_name_in_offers_page_matches_with_Landing_page(OfferPageStepDefinition.java:49)
at ✽.validate product name in offers page matches with Landing page(file:///C:/Users/SI20085240/eclipse-workspaceNew/CucumberFramework/src/test/java/features/SearchProduct.feature:9)
]]>
    </failure>
  </testcase> <!-- runScenario -->
</testsuite> <!-- Default test -->
