<?xml version="1.0" encoding="UTF-8"?>
<!-- Generated by org.testng.reporters.JUnitReportReporter -->
<testsuite hostname="APL-5CD0506YW4" failures="0" tests="3" name="cucumberOptions.TestNGTestRunner" time="136.965" errors="1" timestamp="2022-03-16T13:38:33 IST" skipped="0">
  <testcase classname="cucumberOptions.TestNGTestRunner" name="runScenario" time="43.890"/>
  <system-out/>
  <testcase classname="cucumberOptions.TestNGTestRunner" name="runScenario" time="47.735"/>
  <system-out/>
  <testcase classname="cucumberOptions.TestNGTestRunner" name="runScenario" time="45.340">
    <error message="expected:&lt;No data&gt; but was:&lt;Beetroot&gt;" type="junit.framework.ComparisonFailure">
      <![CDATA[junit.framework.ComparisonFailure: expected:<No data> but was:<Beetroot>
at junit.framework.Assert.assertEquals(Assert.java:81)
at junit.framework.Assert.assertEquals(Assert.java:87)
at stepDefinitions.OfferPageStepDefinition.validate_product_name_in_offers_page_matches_with_Landing_page(OfferPageStepDefinition.java:49)
at ✽.validate product name in offers page matches with Landing page(file:///C:/Users/SI20085240/eclipse-workspaceNew/CucumberFramework/src/test/java/features/SearchProduct.feature:9)
]]>
    </error>
  </testcase> <!-- runScenario -->
  <system-out/>
</testsuite> <!-- cucumberOptions.TestNGTestRunner -->
